TN:
SF:src/ReadCbor.sol
DA:32,810
FN:32,ReadCbor.parseArg
FNDA:810,ReadCbor.parseArg
DA:33,810
BRDA:33,0,0,538
BRDA:33,0,1,257
DA:34,538
DA:35,272
BRDA:35,1,0,3
BRDA:35,1,1,257
DA:36,3
DA:37,3
DA:38,3
BRDA:38,2,0,1
BRDA:38,2,1,2
DA:39,2
DA:40,269
BRDA:40,3,0,4
BRDA:40,3,1,257
DA:41,4
DA:42,265
BRDA:42,4,0,4
BRDA:42,4,1,257
DA:43,4
DA:44,261
BRDA:44,5,0,4
DA:45,4
DA:47,257
DA:50,827
FN:50,ReadCbor.u8
FNDA:827,ReadCbor.u8
DA:53,827
DA:54,827
DA:58,4
FN:58,ReadCbor.u16
FNDA:4,ReadCbor.u16
DA:61,4
DA:62,4
DA:66,4
FN:66,ReadCbor.u32
FNDA:4,ReadCbor.u32
DA:69,4
DA:70,4
DA:74,4
FN:74,ReadCbor.u64
FNDA:4,ReadCbor.u64
DA:77,4
DA:78,4
DA:87,803
FN:87,ReadCbor.requireRange
FNDA:803,ReadCbor.requireRange
DA:88,803
BRDA:88,6,0,3
BRDA:88,6,1,800
DA:89,800
DA:96,1045
FN:96,ReadCbor.requireComplete
FNDA:1045,ReadCbor.requireComplete
DA:97,1045
BRDA:97,7,0,1
BRDA:97,7,1,1044
DA:106,258
FN:106,ReadCbor.header
FNDA:258,ReadCbor.header
DA:107,258
DA:108,258
DA:109,258
DA:110,258
DA:111,258
DA:120,547
FN:120,ReadCbor.header
FNDA:547,ReadCbor.header
DA:121,547
DA:122,547
DA:123,547
BRDA:123,8,0,1
BRDA:123,8,1,546
DA:124,546
DA:134,9
FN:134,ReadCbor.header
FNDA:9,ReadCbor.header
DA:139,9
DA:140,9
DA:141,9
DA:142,9
BRDA:142,9,0,1
BRDA:142,9,1,8
DA:143,8
DA:144,8
BRDA:144,10,0,2
BRDA:144,10,1,6
DA:145,6
DA:154,584
FN:154,ReadCbor.header8
FNDA:584,ReadCbor.header8
DA:155,584
DA:158,584
DA:159,584
DA:160,584
DA:161,584
DA:164,584
BRDA:164,11,0,1
BRDA:164,11,1,583
DA:166,583
BRDA:166,12,0,535
DA:167,535
BRDA:167,13,0,2
BRDA:167,13,1,533
DA:169,533
DA:170,533
DA:172,533
BRDA:172,14,0,2
BRDA:172,14,1,531
DA:175,579
DA:185,48
FN:185,ReadCbor.header32
FNDA:48,ReadCbor.header32
DA:186,48
DA:189,48
DA:190,48
DA:191,48
DA:192,48
DA:195,48
BRDA:195,15,0,2
BRDA:195,15,1,46
DA:197,46
BRDA:197,16,0,4
BRDA:197,16,1,1
DA:199,4
DA:200,4
DA:202,4
BRDA:202,17,0,1
BRDA:202,17,1,3
DA:203,42
BRDA:203,18,0,3
DA:204,3
BRDA:204,19,0,1
BRDA:204,19,1,2
DA:205,2
BRDA:205,20,0,1
BRDA:205,20,1,1
DA:207,1
DA:208,1
DA:210,1
BRDA:210,21,0,1
DA:212,1
DA:213,1
DA:218,44
DA:225,263
FN:225,ReadCbor.isNull
FNDA:263,ReadCbor.isNull
DA:227,263
DA:236,2
FN:236,ReadCbor.Null
FNDA:2,ReadCbor.Null
DA:237,2
BRDA:237,22,0,1
BRDA:237,22,1,1
DA:238,1
DA:245,4
FN:245,ReadCbor.isUndefined
FNDA:4,ReadCbor.isUndefined
DA:247,4
DA:256,2
FN:256,ReadCbor.Undefined
FNDA:2,ReadCbor.Undefined
DA:257,2
BRDA:257,23,0,1
BRDA:257,23,1,1
DA:258,1
DA:265,3
FN:265,ReadCbor.isBool
FNDA:3,ReadCbor.isBool
DA:267,3
DA:268,3
DA:282,5
FN:282,ReadCbor.Bool
FNDA:5,ReadCbor.Bool
DA:283,5
DA:285,5
DA:286,5
DA:287,5
DA:288,5
DA:290,5
BRDA:290,24,0,1
BRDA:290,24,1,4
DA:297,2
FN:297,ReadCbor.isArray
FNDA:2,ReadCbor.isArray
DA:299,2
DA:307,15
FN:307,ReadCbor.Array
FNDA:15,ReadCbor.Array
DA:310,15
DA:317,2
FN:317,ReadCbor.isMap
FNDA:2,ReadCbor.isMap
DA:319,2
DA:327,8
FN:327,ReadCbor.Map
FNDA:8,ReadCbor.Map
DA:331,8
DA:338,2
FN:338,ReadCbor.isString
FNDA:2,ReadCbor.isString
DA:340,2
DA:349,12
FN:349,ReadCbor.String
FNDA:12,ReadCbor.String
DA:350,12
DA:351,12
DA:353,12
DA:355,12
DA:356,12
DA:357,12
DA:360,12
DA:368,2
FN:368,ReadCbor.String32
FNDA:2,ReadCbor.String32
DA:369,2
DA:378,10
FN:378,ReadCbor.String32
FNDA:10,ReadCbor.String32
DA:383,10
DA:384,9
DA:385,9
BRDA:385,25,0,1
BRDA:385,25,1,8
DA:388,8
DA:389,8
DA:392,8
DA:400,2
FN:400,ReadCbor.String1
FNDA:2,ReadCbor.String1
DA:401,2
DA:403,2
DA:404,2
DA:405,2
DA:406,2
DA:408,2
BRDA:408,26,0,1
BRDA:408,26,1,1
DA:415,2
FN:415,ReadCbor.skipString
FNDA:2,ReadCbor.skipString
DA:416,2
DA:417,2
DA:418,1
DA:425,2
FN:425,ReadCbor.isBytes
FNDA:2,ReadCbor.isBytes
DA:427,2
DA:435,5
FN:435,ReadCbor.Bytes
FNDA:5,ReadCbor.Bytes
DA:436,5
DA:437,5
DA:439,5
DA:441,5
DA:442,5
DA:443,5
DA:446,5
DA:453,2
FN:453,ReadCbor.Bytes32
FNDA:2,ReadCbor.Bytes32
DA:454,2
DA:463,3
FN:463,ReadCbor.Bytes32
FNDA:3,ReadCbor.Bytes32
DA:468,3
DA:469,2
DA:470,2
BRDA:470,27,0,1
BRDA:470,27,1,1
DA:473,1
DA:474,1
DA:477,1
DA:484,2
FN:484,ReadCbor.skipBytes
FNDA:2,ReadCbor.skipBytes
DA:485,2
DA:486,2
DA:487,1
DA:494,15
FN:494,ReadCbor.isTag
FNDA:15,ReadCbor.isTag
DA:496,15
DA:505,772
FN:505,ReadCbor.isTag
FNDA:772,ReadCbor.isTag
DA:506,772
DA:508,772
DA:510,772
BRDA:510,28,0,1
DA:511,771
DA:512,771
DA:513,771
BRDA:513,29,0,1
DA:515,769
DA:516,769
DA:517,513
DA:518,257
DA:519,1
DA:522,771
DA:531,7
FN:531,ReadCbor.Tag
FNDA:7,ReadCbor.Tag
DA:532,7
DA:541,530
FN:541,ReadCbor.Tag
FNDA:530,ReadCbor.Tag
DA:542,530
DA:543,530
DA:544,530
BRDA:544,30,0,1
BRDA:544,30,1,529
DA:545,529
DA:552,2
FN:552,ReadCbor.isUInt
FNDA:2,ReadCbor.isUInt
DA:554,2
DA:562,5
FN:562,ReadCbor.UInt
FNDA:5,ReadCbor.UInt
DA:563,5
DA:570,37
FN:570,ReadCbor.UInt8
FNDA:37,ReadCbor.UInt8
DA:571,37
DA:578,2
FN:578,ReadCbor.UInt16
FNDA:2,ReadCbor.UInt16
DA:579,2
DA:580,2
DA:581,1
DA:588,1
FN:588,ReadCbor.UInt32
FNDA:1,ReadCbor.UInt32
DA:589,1
DA:590,1
DA:591,1
DA:598,1
FN:598,ReadCbor.UInt64
FNDA:1,ReadCbor.UInt64
DA:599,1
DA:606,2
FN:606,ReadCbor.isNInt
FNDA:2,ReadCbor.isNInt
DA:608,2
DA:616,4
FN:616,ReadCbor.NInt
FNDA:4,ReadCbor.NInt
DA:617,4
DA:618,4
DA:619,4
DA:626,7
FN:626,ReadCbor.NInt8
FNDA:7,ReadCbor.NInt8
DA:627,7
DA:628,7
DA:629,5
DA:636,2
FN:636,ReadCbor.NInt16
FNDA:2,ReadCbor.NInt16
DA:637,2
DA:638,2
DA:639,1
DA:646,1
FN:646,ReadCbor.NInt32
FNDA:1,ReadCbor.NInt32
DA:647,1
DA:648,1
DA:649,1
DA:656,1
FN:656,ReadCbor.NInt64
FNDA:1,ReadCbor.NInt64
DA:657,1
DA:658,1
DA:659,1
DA:666,3
FN:666,ReadCbor.isInt
FNDA:3,ReadCbor.isInt
DA:668,3
DA:669,3
DA:677,10
FN:677,ReadCbor.Int
FNDA:10,ReadCbor.Int
DA:678,10
DA:679,10
DA:680,10
DA:681,10
DA:682,10
BRDA:682,31,0,5
BRDA:682,31,1,1
DA:683,5
DA:684,5
DA:685,5
DA:686,5
BRDA:686,32,0,4
DA:687,4
DA:689,1
FNF:51
FNH:51
LF:240
LH:240
BRF:59
BRH:59
end_of_record
TN:
SF:src/tags/ReadBignum.sol
DA:12,263
FN:12,ReadBignum.UInt256
FNDA:263,ReadBignum.UInt256
DA:13,263
DA:14,263
DA:15,263
DA:16,263
BRDA:16,0,0,1
BRDA:16,0,1,262
DA:18,262
DA:20,262
DA:29,262
DA:32,265
FN:32,ReadBignum.NInt256
FNDA:265,ReadBignum.NInt256
DA:33,265
DA:34,265
DA:35,265
DA:36,265
BRDA:36,1,0,1
BRDA:36,1,1,264
DA:38,264
DA:40,264
DA:49,264
BRDA:49,2,0,2
BRDA:49,2,1,262
DA:50,262
DA:53,5
FN:53,ReadBignum.Int256
FNDA:5,ReadBignum.Int256
DA:54,5
DA:55,5
DA:56,5
BRDA:56,3,0,2
BRDA:56,3,1,1
DA:57,2
DA:58,2
DA:59,2
BRDA:59,4,0,1
BRDA:59,4,1,1
DA:60,1
DA:61,3
BRDA:61,5,0,2
BRDA:61,5,1,1
DA:62,2
DA:64,1
DA:68,13
FN:68,ReadBignum.Integer
FNDA:13,ReadBignum.Integer
DA:69,13
FNF:4
FNH:4
LF:30
LH:30
BRF:12
BRH:12
end_of_record
TN:
SF:src/tags/ReadCidSha256.sol
DA:67,512
FN:67,ReadCidSha256.Cid
FNDA:512,ReadCidSha256.Cid
DA:68,512
DA:71,513
FN:71,ReadCidSha256.Cid
FNDA:513,ReadCidSha256.Cid
DA:72,513
DA:73,513
DA:74,513
DA:77,513
DA:81,513
DA:82,513
DA:85,513
BRDA:85,0,0,1
BRDA:85,0,1,512
DA:86,512
BRDA:86,1,0,2
BRDA:86,1,1,510
DA:88,510
DA:105,258
FN:105,ReadCidSha256.NullableCid
FNDA:258,ReadCidSha256.NullableCid
DA:106,258
FNF:3
FNH:3
LF:14
LH:14
BRF:4
BRH:4
end_of_record
TN:
SF:test/comparison/CborDecode.sol
DA:55,1
FN:55,CBORDecoder.isNullNext
FNDA:1,CBORDecoder.isNullNext
DA:56,1
DA:63,2
FN:63,CBORDecoder.readBool
FNDA:2,CBORDecoder.readBool
DA:64,2
DA:65,2
DA:67,2
DA:68,2
BRDA:68,0,0,-
BRDA:68,0,1,2
DA:69,2
DA:71,2
DA:78,2
FN:78,CBORDecoder.readFixedArray
FNDA:2,CBORDecoder.readFixedArray
DA:79,2
DA:80,2
DA:82,2
DA:83,2
BRDA:83,1,0,-
BRDA:83,1,1,2
DA:85,2
DA:92,3
FN:92,CBORDecoder.readString
FNDA:3,CBORDecoder.readString
DA:93,3
DA:94,3
DA:96,3
DA:97,3
BRDA:97,2,0,-
BRDA:97,2,1,3
DA:99,3
DA:100,3
DA:101,3
DA:102,3
DA:103,18
DA:104,18
DA:107,3
DA:114,0
FN:114,CBORDecoder.readBytes
FNDA:0,CBORDecoder.readBytes
DA:115,0
DA:116,0
DA:118,0
DA:119,0
BRDA:119,3,0,-
BRDA:119,3,1,-
DA:121,0
BRDA:121,4,0,-
DA:122,0
DA:123,0
DA:126,0
DA:127,0
DA:128,0
DA:129,0
DA:130,0
DA:131,0
DA:134,0
DA:141,0
FN:141,CBORDecoder.readBytes32
FNDA:0,CBORDecoder.readBytes32
DA:142,0
DA:143,0
DA:145,0
DA:146,0
BRDA:146,5,0,-
BRDA:146,5,1,-
DA:148,0
DA:149,0
DA:150,0
DA:151,0
DA:152,0
DA:153,0
DA:156,0
DA:163,0
FN:163,CBORDecoder.readUInt256
FNDA:0,CBORDecoder.readUInt256
DA:164,0
DA:165,0
DA:167,0
DA:168,0
BRDA:168,6,0,-
BRDA:168,6,1,-
DA:170,0
BRDA:170,7,0,-
DA:171,0
BRDA:171,8,0,-
BRDA:171,8,1,-
DA:173,0
DA:174,0
DA:175,0
BRDA:175,9,0,-
BRDA:175,9,1,-
DA:177,0
BRDA:177,10,0,-
BRDA:177,10,1,-
DA:179,0
DA:182,0
DA:185,0
DA:192,0
FN:192,CBORDecoder.readInt256
FNDA:0,CBORDecoder.readInt256
DA:193,0
DA:194,0
DA:196,0
DA:197,0
BRDA:197,11,0,-
BRDA:197,11,1,-
DA:199,0
BRDA:199,12,0,-
DA:200,0
DA:202,0
DA:203,0
DA:204,0
BRDA:204,13,0,-
BRDA:204,13,1,-
DA:206,0
BRDA:206,14,0,-
BRDA:206,14,1,-
DA:208,0
DA:211,0
DA:214,0
DA:221,0
FN:221,CBORDecoder.readUInt64
FNDA:0,CBORDecoder.readUInt64
DA:222,0
DA:223,0
DA:225,0
DA:226,0
BRDA:226,15,0,-
BRDA:226,15,1,-
DA:228,0
DA:235,0
FN:235,CBORDecoder.readUInt32
FNDA:0,CBORDecoder.readUInt32
DA:236,0
DA:237,0
DA:239,0
DA:240,0
BRDA:240,16,0,-
BRDA:240,16,1,-
DA:242,0
DA:249,0
FN:249,CBORDecoder.readUInt16
FNDA:0,CBORDecoder.readUInt16
DA:250,0
DA:251,0
DA:253,0
DA:254,0
BRDA:254,17,0,-
BRDA:254,17,1,-
DA:256,0
DA:263,16
FN:263,CBORDecoder.readUInt8
FNDA:16,CBORDecoder.readUInt8
DA:264,16
DA:265,16
DA:267,16
DA:268,16
BRDA:268,18,0,-
BRDA:268,18,1,16
DA:270,16
DA:277,0
FN:277,CBORDecoder.readInt64
FNDA:0,CBORDecoder.readInt64
DA:278,0
DA:279,0
DA:281,0
DA:282,0
BRDA:282,19,0,-
BRDA:282,19,1,-
DA:284,0
DA:291,0
FN:291,CBORDecoder.readInt32
FNDA:0,CBORDecoder.readInt32
DA:292,0
DA:293,0
DA:295,0
DA:296,0
BRDA:296,20,0,-
BRDA:296,20,1,-
DA:298,0
DA:305,0
FN:305,CBORDecoder.readInt16
FNDA:0,CBORDecoder.readInt16
DA:306,0
DA:307,0
DA:309,0
DA:310,0
BRDA:310,21,0,-
BRDA:310,21,1,-
DA:312,0
DA:319,0
FN:319,CBORDecoder.readInt8
FNDA:0,CBORDecoder.readInt8
DA:320,0
DA:321,0
DA:323,0
DA:324,0
BRDA:324,22,0,-
BRDA:324,22,1,-
DA:326,0
DA:333,27
FN:333,CBORDecoder.sliceUInt8
FNDA:27,CBORDecoder.sliceUInt8
DA:334,27
BRDA:334,23,0,-
BRDA:334,23,1,27
DA:335,27
DA:342,0
FN:342,CBORDecoder.sliceUInt16
FNDA:0,CBORDecoder.sliceUInt16
DA:343,0
BRDA:343,24,0,-
BRDA:343,24,1,-
DA:344,0
DA:346,0
DA:348,0
DA:355,0
FN:355,CBORDecoder.sliceUInt32
FNDA:0,CBORDecoder.sliceUInt32
DA:356,0
BRDA:356,25,0,-
BRDA:356,25,1,-
DA:357,0
DA:359,0
DA:361,0
DA:368,0
FN:368,CBORDecoder.sliceUInt64
FNDA:0,CBORDecoder.sliceUInt64
DA:369,0
BRDA:369,26,0,-
BRDA:369,26,1,-
DA:370,0
DA:372,0
DA:374,0
DA:381,23
FN:381,CBORDecoder.parseCborHeader
FNDA:23,CBORDecoder.parseCborHeader
DA:382,23
DA:383,23
DA:384,23
DA:385,23
DA:387,23
BRDA:387,27,0,-
BRDA:387,27,1,23
DA:390,23
BRDA:390,28,0,19
DA:391,19
DA:395,4
BRDA:395,29,0,4
DA:396,4
DA:397,4
DA:398,4
BRDA:398,30,0,-
BRDA:398,30,1,4
DA:399,4
DA:403,0
BRDA:403,31,0,-
DA:404,0
DA:405,0
DA:406,0
DA:410,0
BRDA:410,32,0,-
DA:411,0
DA:412,0
DA:413,0
DA:417,0
DA:418,0
DA:419,0
DA:420,0
FNF:21
FNH:7
LF:173
LH:49
BRF:59
BRH:9
end_of_record
