TN:
SF:src/ReadCbor.sol
DA:33,811
FN:33,ReadCbor.parseArg
FNDA:811,ReadCbor.parseArg
DA:34,811
BRDA:34,0,0,539
BRDA:34,0,1,257
DA:35,539
DA:36,272
BRDA:36,1,0,3
BRDA:36,1,1,257
DA:37,3
DA:38,3
BRDA:38,2,0,1
BRDA:38,2,1,2
DA:39,2
DA:40,269
BRDA:40,3,0,4
BRDA:40,3,1,257
DA:41,4
DA:42,265
BRDA:42,4,0,4
BRDA:42,4,1,257
DA:43,4
DA:44,261
BRDA:44,5,0,4
BRDA:44,5,1,257
DA:45,4
DA:47,257
DA:51,818
FN:51,ReadCbor.u8
FNDA:818,ReadCbor.u8
DA:54,818
DA:55,818
DA:59,4
FN:59,ReadCbor.u16
FNDA:4,ReadCbor.u16
DA:62,4
DA:63,4
DA:67,4
FN:67,ReadCbor.u32
FNDA:4,ReadCbor.u32
DA:70,4
DA:71,4
DA:75,4
FN:75,ReadCbor.u64
FNDA:4,ReadCbor.u64
DA:78,4
DA:79,4
DA:87,1065
FN:87,ReadCbor.requireRange
FNDA:1065,ReadCbor.requireRange
DA:88,1065
BRDA:88,6,0,3
BRDA:88,6,1,1062
DA:95,1045
FN:95,ReadCbor.requireComplete
FNDA:1045,ReadCbor.requireComplete
DA:96,1045
BRDA:96,7,0,1
BRDA:96,7,1,1044
DA:105,268
FN:105,ReadCbor.header
FNDA:268,ReadCbor.header
DA:106,268
DA:107,268
DA:108,268
DA:109,268
DA:110,268
DA:120,538
FN:120,ReadCbor.header
FNDA:538,ReadCbor.header
DA:121,538
DA:122,538
DA:123,538
BRDA:123,8,0,1
BRDA:123,8,1,537
DA:124,537
DA:135,9
FN:135,ReadCbor.header
FNDA:9,ReadCbor.header
DA:140,9
DA:141,9
DA:142,9
DA:143,9
BRDA:143,9,0,1
BRDA:143,9,1,8
DA:144,8
DA:145,8
BRDA:145,10,0,2
BRDA:145,10,1,6
DA:146,6
DA:156,584
FN:156,ReadCbor.header8
FNDA:584,ReadCbor.header8
DA:157,584
DA:160,584
DA:161,584
DA:162,584
DA:163,584
DA:166,584
BRDA:166,11,0,1
BRDA:166,11,1,583
DA:168,583
BRDA:168,12,0,535
DA:169,535
BRDA:169,13,0,2
BRDA:169,13,1,533
DA:171,533
DA:172,533
DA:174,533
BRDA:174,14,0,2
BRDA:174,14,1,531
DA:177,579
DA:187,48
FN:187,ReadCbor.header32
FNDA:48,ReadCbor.header32
DA:188,48
DA:191,48
DA:192,48
DA:193,48
DA:194,48
DA:197,48
BRDA:197,15,0,2
BRDA:197,15,1,46
DA:199,46
BRDA:199,16,0,4
BRDA:199,16,1,1
DA:201,4
DA:202,4
DA:204,4
BRDA:204,17,0,1
BRDA:204,17,1,3
DA:205,42
BRDA:205,18,0,3
DA:206,3
BRDA:206,19,0,1
BRDA:206,19,1,2
DA:207,2
BRDA:207,20,0,1
BRDA:207,20,1,1
DA:209,1
DA:210,1
DA:212,1
BRDA:212,21,0,1
DA:214,1
DA:215,1
DA:220,44
DA:227,263
FN:227,ReadCbor.isNull
FNDA:263,ReadCbor.isNull
DA:229,263
DA:238,2
FN:238,ReadCbor.Null
FNDA:2,ReadCbor.Null
DA:239,2
BRDA:239,22,0,1
BRDA:239,22,1,1
DA:240,1
DA:247,4
FN:247,ReadCbor.isUndefined
FNDA:4,ReadCbor.isUndefined
DA:249,4
DA:258,2
FN:258,ReadCbor.Undefined
FNDA:2,ReadCbor.Undefined
DA:259,2
BRDA:259,23,0,1
BRDA:259,23,1,1
DA:260,1
DA:267,3
FN:267,ReadCbor.isBool
FNDA:3,ReadCbor.isBool
DA:269,3
DA:270,3
DA:284,5
FN:284,ReadCbor.Bool
FNDA:5,ReadCbor.Bool
DA:285,5
DA:287,5
DA:288,5
DA:289,5
DA:290,5
DA:292,5
BRDA:292,24,0,1
BRDA:292,24,1,4
DA:299,2
FN:299,ReadCbor.isArray
FNDA:2,ReadCbor.isArray
DA:301,2
DA:309,15
FN:309,ReadCbor.Array
FNDA:15,ReadCbor.Array
DA:312,15
DA:319,2
FN:319,ReadCbor.isMap
FNDA:2,ReadCbor.isMap
DA:321,2
DA:329,8
FN:329,ReadCbor.Map
FNDA:8,ReadCbor.Map
DA:333,8
DA:340,2
FN:340,ReadCbor.isString
FNDA:2,ReadCbor.isString
DA:342,2
DA:351,12
FN:351,ReadCbor.String
FNDA:12,ReadCbor.String
DA:352,12
DA:353,12
DA:355,12
DA:357,12
DA:358,12
DA:359,12
DA:360,12
DA:363,12
DA:371,2
FN:371,ReadCbor.String32
FNDA:2,ReadCbor.String32
DA:372,2
DA:381,10
FN:381,ReadCbor.String32
FNDA:10,ReadCbor.String32
DA:386,10
DA:387,9
DA:388,9
BRDA:388,25,0,1
BRDA:388,25,1,8
DA:391,8
DA:392,8
DA:393,8
DA:396,8
DA:405,2
FN:405,ReadCbor.String1
FNDA:2,ReadCbor.String1
DA:406,2
DA:408,2
DA:409,2
DA:410,2
DA:411,2
DA:413,2
BRDA:413,26,0,1
BRDA:413,26,1,1
DA:420,2
FN:420,ReadCbor.skipString
FNDA:2,ReadCbor.skipString
DA:421,2
DA:422,2
DA:423,1
DA:424,1
DA:431,2
FN:431,ReadCbor.isBytes
FNDA:2,ReadCbor.isBytes
DA:433,2
DA:441,5
FN:441,ReadCbor.Bytes
FNDA:5,ReadCbor.Bytes
DA:442,5
DA:443,5
DA:445,5
DA:447,5
DA:448,5
DA:449,5
DA:450,5
DA:453,5
DA:460,2
FN:460,ReadCbor.Bytes32
FNDA:2,ReadCbor.Bytes32
DA:461,2
DA:470,3
FN:470,ReadCbor.Bytes32
FNDA:3,ReadCbor.Bytes32
DA:475,3
DA:476,2
DA:477,2
BRDA:477,27,0,1
BRDA:477,27,1,1
DA:480,1
DA:481,1
DA:482,1
DA:485,1
DA:492,2
FN:492,ReadCbor.skipBytes
FNDA:2,ReadCbor.skipBytes
DA:493,2
DA:494,2
DA:495,1
DA:496,1
DA:503,15
FN:503,ReadCbor.isTag
FNDA:15,ReadCbor.isTag
DA:505,15
DA:514,772
FN:514,ReadCbor.isTag
FNDA:772,ReadCbor.isTag
DA:515,772
DA:517,772
DA:519,772
BRDA:519,28,0,1
DA:520,771
DA:521,771
DA:522,771
BRDA:522,29,0,1
DA:524,769
DA:525,769
DA:526,513
DA:527,257
DA:528,1
DA:531,771
DA:540,7
FN:540,ReadCbor.Tag
FNDA:7,ReadCbor.Tag
DA:541,7
DA:550,530
FN:550,ReadCbor.Tag
FNDA:530,ReadCbor.Tag
DA:551,530
DA:552,530
DA:553,530
BRDA:553,30,0,1
BRDA:553,30,1,529
DA:560,2
FN:560,ReadCbor.isUInt
FNDA:2,ReadCbor.isUInt
DA:562,2
DA:570,0
FN:570,ReadCbor.UInt
FNDA:0,ReadCbor.UInt
DA:571,0
DA:578,37
FN:578,ReadCbor.UInt8
FNDA:37,ReadCbor.UInt8
DA:579,37
DA:586,2
FN:586,ReadCbor.UInt16
FNDA:2,ReadCbor.UInt16
DA:587,2
DA:588,2
DA:589,1
DA:596,1
FN:596,ReadCbor.UInt32
FNDA:1,ReadCbor.UInt32
DA:597,1
DA:598,1
DA:599,1
DA:606,1
FN:606,ReadCbor.UInt64
FNDA:1,ReadCbor.UInt64
DA:607,1
DA:614,2
FN:614,ReadCbor.isNInt
FNDA:2,ReadCbor.isNInt
DA:616,2
DA:624,0
FN:624,ReadCbor.NInt
FNDA:0,ReadCbor.NInt
DA:625,0
DA:626,0
DA:627,0
DA:634,7
FN:634,ReadCbor.NInt8
FNDA:7,ReadCbor.NInt8
DA:635,7
DA:636,7
DA:637,5
DA:644,2
FN:644,ReadCbor.NInt16
FNDA:2,ReadCbor.NInt16
DA:645,2
DA:646,2
DA:647,1
DA:654,1
FN:654,ReadCbor.NInt32
FNDA:1,ReadCbor.NInt32
DA:655,1
DA:656,1
DA:657,1
DA:664,1
FN:664,ReadCbor.NInt64
FNDA:1,ReadCbor.NInt64
DA:665,1
DA:666,1
DA:667,1
DA:674,3
FN:674,ReadCbor.isInt
FNDA:3,ReadCbor.isInt
DA:676,3
DA:677,3
DA:686,10
FN:686,ReadCbor.Int
FNDA:10,ReadCbor.Int
DA:687,10
DA:688,10
DA:689,10
DA:690,10
BRDA:690,31,0,5
BRDA:690,31,1,1
DA:691,5
DA:692,5
BRDA:692,32,0,4
BRDA:692,32,1,1
DA:693,4
DA:695,1
FNF:51
FNH:49
LF:240
LH:234
BRF:61
BRH:61
end_of_record
TN:
SF:src/tags/ReadBignum.sol
DA:12,263
FN:12,ReadBignum.UInt256
FNDA:263,ReadBignum.UInt256
DA:13,263
DA:14,263
DA:15,263
DA:16,263
BRDA:16,0,0,1
BRDA:16,0,1,262
DA:19,262
DA:26,262
DA:28,262
DA:31,265
FN:31,ReadBignum.NInt256
FNDA:265,ReadBignum.NInt256
DA:32,265
DA:33,265
DA:34,265
DA:35,265
BRDA:35,1,0,1
BRDA:35,1,1,264
DA:37,264
DA:39,264
DA:46,264
DA:49,264
BRDA:49,2,0,2
BRDA:49,2,1,262
DA:50,262
DA:51,262
DA:54,5
FN:54,ReadBignum.Int256
FNDA:5,ReadBignum.Int256
DA:55,5
DA:56,5
BRDA:56,3,0,2
BRDA:56,3,1,1
DA:57,2
DA:58,2
DA:59,2
BRDA:59,4,0,1
BRDA:59,4,1,1
DA:60,1
DA:61,3
BRDA:61,5,0,2
BRDA:61,5,1,1
DA:62,2
DA:64,1
DA:68,13
FN:68,ReadBignum.Integer
FNDA:13,ReadBignum.Integer
DA:69,13
FNF:4
FNH:4
LF:31
LH:31
BRF:12
BRH:12
end_of_record
TN:
SF:src/tags/ReadCidSha256.sol
DA:67,512
FN:67,ReadCidSha256.Cid
FNDA:512,ReadCidSha256.Cid
DA:68,512
DA:71,513
FN:71,ReadCidSha256.Cid
FNDA:513,ReadCidSha256.Cid
DA:76,513
DA:77,513
DA:78,513
DA:83,513
DA:84,513
DA:85,513
DA:88,513
BRDA:88,0,0,1
BRDA:88,0,1,512
DA:89,512
BRDA:89,1,0,2
BRDA:89,1,1,510
DA:91,510
DA:101,258
FN:101,ReadCidSha256.NullableCid
FNDA:258,ReadCidSha256.NullableCid
DA:102,258
FNF:3
FNH:3
LF:14
LH:14
BRF:4
BRH:4
end_of_record
TN:
SF:test/comparison/CborDecode.sol
DA:55,1
FN:55,CBORDecoder.isNullNext
FNDA:1,CBORDecoder.isNullNext
DA:56,1
DA:63,2
FN:63,CBORDecoder.readBool
FNDA:2,CBORDecoder.readBool
DA:64,2
DA:65,2
DA:67,2
DA:68,2
BRDA:68,0,0,-
BRDA:68,0,1,2
DA:69,2
DA:71,2
DA:78,2
FN:78,CBORDecoder.readFixedArray
FNDA:2,CBORDecoder.readFixedArray
DA:79,2
DA:80,2
DA:82,2
DA:83,2
BRDA:83,1,0,-
BRDA:83,1,1,2
DA:85,2
DA:92,3
FN:92,CBORDecoder.readString
FNDA:3,CBORDecoder.readString
DA:93,3
DA:94,3
DA:96,3
DA:97,3
BRDA:97,2,0,-
BRDA:97,2,1,3
DA:99,3
DA:100,3
DA:101,3
DA:102,3
DA:103,18
DA:104,18
DA:107,3
DA:114,0
FN:114,CBORDecoder.readBytes
FNDA:0,CBORDecoder.readBytes
DA:115,0
DA:116,0
DA:118,0
DA:119,0
BRDA:119,3,0,-
BRDA:119,3,1,-
DA:121,0
BRDA:121,4,0,-
DA:122,0
DA:123,0
DA:126,0
DA:127,0
DA:128,0
DA:129,0
DA:130,0
DA:131,0
DA:134,0
DA:141,0
FN:141,CBORDecoder.readBytes32
FNDA:0,CBORDecoder.readBytes32
DA:142,0
DA:143,0
DA:145,0
DA:146,0
BRDA:146,5,0,-
BRDA:146,5,1,-
DA:148,0
DA:149,0
DA:150,0
DA:151,0
DA:152,0
DA:153,0
DA:156,0
DA:163,0
FN:163,CBORDecoder.readUInt256
FNDA:0,CBORDecoder.readUInt256
DA:164,0
DA:165,0
DA:167,0
DA:168,0
BRDA:168,6,0,-
BRDA:168,6,1,-
DA:170,0
BRDA:170,7,0,-
DA:171,0
BRDA:171,8,0,-
BRDA:171,8,1,-
DA:173,0
DA:174,0
DA:175,0
BRDA:175,9,0,-
BRDA:175,9,1,-
DA:177,0
BRDA:177,10,0,-
BRDA:177,10,1,-
DA:179,0
DA:182,0
DA:185,0
DA:192,0
FN:192,CBORDecoder.readInt256
FNDA:0,CBORDecoder.readInt256
DA:193,0
DA:194,0
DA:196,0
DA:197,0
BRDA:197,11,0,-
BRDA:197,11,1,-
DA:199,0
BRDA:199,12,0,-
DA:200,0
DA:202,0
DA:203,0
DA:204,0
BRDA:204,13,0,-
BRDA:204,13,1,-
DA:206,0
BRDA:206,14,0,-
BRDA:206,14,1,-
DA:208,0
DA:211,0
DA:214,0
DA:221,0
FN:221,CBORDecoder.readUInt64
FNDA:0,CBORDecoder.readUInt64
DA:222,0
DA:223,0
DA:225,0
DA:226,0
BRDA:226,15,0,-
BRDA:226,15,1,-
DA:228,0
DA:235,0
FN:235,CBORDecoder.readUInt32
FNDA:0,CBORDecoder.readUInt32
DA:236,0
DA:237,0
DA:239,0
DA:240,0
BRDA:240,16,0,-
BRDA:240,16,1,-
DA:242,0
DA:249,0
FN:249,CBORDecoder.readUInt16
FNDA:0,CBORDecoder.readUInt16
DA:250,0
DA:251,0
DA:253,0
DA:254,0
BRDA:254,17,0,-
BRDA:254,17,1,-
DA:256,0
DA:263,16
FN:263,CBORDecoder.readUInt8
FNDA:16,CBORDecoder.readUInt8
DA:264,16
DA:265,16
DA:267,16
DA:268,16
BRDA:268,18,0,-
BRDA:268,18,1,16
DA:270,16
DA:277,0
FN:277,CBORDecoder.readInt64
FNDA:0,CBORDecoder.readInt64
DA:278,0
DA:279,0
DA:281,0
DA:282,0
BRDA:282,19,0,-
BRDA:282,19,1,-
DA:284,0
DA:291,0
FN:291,CBORDecoder.readInt32
FNDA:0,CBORDecoder.readInt32
DA:292,0
DA:293,0
DA:295,0
DA:296,0
BRDA:296,20,0,-
BRDA:296,20,1,-
DA:298,0
DA:305,0
FN:305,CBORDecoder.readInt16
FNDA:0,CBORDecoder.readInt16
DA:306,0
DA:307,0
DA:309,0
DA:310,0
BRDA:310,21,0,-
BRDA:310,21,1,-
DA:312,0
DA:319,0
FN:319,CBORDecoder.readInt8
FNDA:0,CBORDecoder.readInt8
DA:320,0
DA:321,0
DA:323,0
DA:324,0
BRDA:324,22,0,-
BRDA:324,22,1,-
DA:326,0
DA:333,27
FN:333,CBORDecoder.sliceUInt8
FNDA:27,CBORDecoder.sliceUInt8
DA:334,27
BRDA:334,23,0,-
BRDA:334,23,1,27
DA:335,27
DA:342,0
FN:342,CBORDecoder.sliceUInt16
FNDA:0,CBORDecoder.sliceUInt16
DA:343,0
BRDA:343,24,0,-
BRDA:343,24,1,-
DA:344,0
DA:346,0
DA:348,0
DA:355,0
FN:355,CBORDecoder.sliceUInt32
FNDA:0,CBORDecoder.sliceUInt32
DA:356,0
BRDA:356,25,0,-
BRDA:356,25,1,-
DA:357,0
DA:359,0
DA:361,0
DA:368,0
FN:368,CBORDecoder.sliceUInt64
FNDA:0,CBORDecoder.sliceUInt64
DA:369,0
BRDA:369,26,0,-
BRDA:369,26,1,-
DA:370,0
DA:372,0
DA:374,0
DA:381,23
FN:381,CBORDecoder.parseCborHeader
FNDA:23,CBORDecoder.parseCborHeader
DA:382,23
DA:383,23
DA:384,23
DA:385,23
DA:387,23
BRDA:387,27,0,-
BRDA:387,27,1,23
DA:390,23
BRDA:390,28,0,19
DA:391,19
DA:395,4
BRDA:395,29,0,4
DA:396,4
DA:397,4
DA:398,4
BRDA:398,30,0,-
BRDA:398,30,1,4
DA:399,4
DA:403,0
BRDA:403,31,0,-
DA:404,0
DA:405,0
DA:406,0
DA:410,0
BRDA:410,32,0,-
DA:411,0
DA:412,0
DA:413,0
DA:417,0
DA:418,0
DA:419,0
DA:420,0
FNF:21
FNH:7
LF:173
LH:49
BRF:59
BRH:9
end_of_record
