TN:
SF:src/ReadCbor.sol
DA:33,818
FN:33,ReadCbor.parseArg
FNDA:818,ReadCbor.parseArg
DA:34,818
BRDA:34,0,0,541
BRDA:34,0,1,256
DA:35,541
DA:36,277
BRDA:36,1,0,3
BRDA:36,1,1,256
DA:37,3
DA:38,3
BRDA:38,2,0,1
BRDA:38,2,1,2
DA:39,274
BRDA:39,3,0,7
BRDA:39,3,1,256
DA:40,7
DA:41,267
BRDA:41,4,0,4
BRDA:41,4,1,256
DA:42,4
DA:43,263
BRDA:43,5,0,7
BRDA:43,5,1,256
DA:44,7
DA:46,256
DA:50,827
FN:50,ReadCbor.u8
FNDA:827,ReadCbor.u8
DA:53,827
DA:54,827
DA:58,7
FN:58,ReadCbor.u16
FNDA:7,ReadCbor.u16
DA:61,7
DA:62,7
DA:66,4
FN:66,ReadCbor.u32
FNDA:4,ReadCbor.u32
DA:69,4
DA:70,4
DA:74,7
FN:74,ReadCbor.u64
FNDA:7,ReadCbor.u64
DA:77,7
DA:78,7
DA:88,274
FN:88,ReadCbor.header
FNDA:274,ReadCbor.header
DA:89,274
DA:90,274
DA:91,274
DA:92,274
DA:93,274
DA:103,540
FN:103,ReadCbor.header
FNDA:540,ReadCbor.header
DA:104,540
DA:105,540
DA:106,540
BRDA:106,6,0,2
BRDA:106,6,1,538
DA:107,538
DA:118,10
FN:118,ReadCbor.header
FNDA:10,ReadCbor.header
DA:123,10
DA:124,10
DA:125,10
DA:126,10
BRDA:126,7,0,2
BRDA:126,7,1,8
DA:127,8
DA:128,8
BRDA:128,8,0,2
BRDA:128,8,1,6
DA:129,6
DA:139,575
FN:139,ReadCbor.header8
FNDA:575,ReadCbor.header8
DA:140,575
DA:143,575
DA:144,575
DA:145,575
DA:146,575
DA:149,575
BRDA:149,9,0,1
BRDA:149,9,1,574
DA:151,574
BRDA:151,10,0,531
DA:152,531
BRDA:152,11,0,2
BRDA:152,11,1,529
DA:154,529
DA:155,529
DA:157,529
BRDA:157,12,0,2
BRDA:157,12,1,527
DA:160,570
DA:170,40
FN:170,ReadCbor.header32
FNDA:40,ReadCbor.header32
DA:171,40
DA:174,40
DA:175,40
DA:176,40
DA:177,40
DA:180,40
BRDA:180,13,0,2
BRDA:180,13,1,38
DA:182,38
BRDA:182,14,0,2
BRDA:182,14,1,1
DA:184,2
DA:185,2
DA:187,2
BRDA:187,15,0,1
BRDA:187,15,1,1
DA:188,36
BRDA:188,16,0,3
DA:189,3
BRDA:189,17,0,1
BRDA:189,17,1,2
DA:190,2
BRDA:190,18,0,1
BRDA:190,18,1,1
DA:192,1
DA:193,1
DA:195,1
BRDA:195,19,0,1
DA:197,1
DA:198,1
DA:203,36
DA:210,262
FN:210,ReadCbor.isNull
FNDA:262,ReadCbor.isNull
DA:212,262
DA:221,2
FN:221,ReadCbor.Null
FNDA:2,ReadCbor.Null
DA:222,2
BRDA:222,20,0,1
BRDA:222,20,1,1
DA:223,1
DA:230,4
FN:230,ReadCbor.isUndefined
FNDA:4,ReadCbor.isUndefined
DA:232,4
DA:241,2
FN:241,ReadCbor.Undefined
FNDA:2,ReadCbor.Undefined
DA:242,2
BRDA:242,21,0,1
BRDA:242,21,1,1
DA:243,1
DA:250,3
FN:250,ReadCbor.isBool
FNDA:3,ReadCbor.isBool
DA:252,3
DA:253,3
DA:267,3
FN:267,ReadCbor.Bool
FNDA:3,ReadCbor.Bool
DA:268,3
DA:270,3
DA:271,3
DA:272,3
DA:273,3
DA:275,3
BRDA:275,22,0,1
BRDA:275,22,1,2
DA:282,2
FN:282,ReadCbor.isArray
FNDA:2,ReadCbor.isArray
DA:284,2
DA:293,13
FN:293,ReadCbor.Array
FNDA:13,ReadCbor.Array
DA:296,13
DA:303,2
FN:303,ReadCbor.isMap
FNDA:2,ReadCbor.isMap
DA:305,2
DA:314,9
FN:314,ReadCbor.Map
FNDA:9,ReadCbor.Map
DA:318,9
DA:325,2
FN:325,ReadCbor.isString
FNDA:2,ReadCbor.isString
DA:327,2
DA:336,7
FN:336,ReadCbor.String
FNDA:7,ReadCbor.String
DA:337,7
DA:338,7
DA:340,7
DA:342,7
DA:343,7
DA:344,7
DA:345,7
DA:357,14
FN:357,ReadCbor.String32
FNDA:14,ReadCbor.String32
DA:358,14
DA:359,13
DA:360,13
BRDA:360,23,0,1
BRDA:360,23,1,12
DA:363,12
DA:364,12
DA:365,12
DA:369,2
FN:369,ReadCbor.String32
FNDA:2,ReadCbor.String32
DA:370,2
DA:379,2
FN:379,ReadCbor.String1
FNDA:2,ReadCbor.String1
DA:380,2
DA:382,2
DA:383,2
DA:384,2
DA:385,2
DA:387,2
BRDA:387,24,0,1
BRDA:387,24,1,1
DA:394,2
FN:394,ReadCbor.skipString
FNDA:2,ReadCbor.skipString
DA:395,2
DA:396,2
DA:397,1
DA:404,2
FN:404,ReadCbor.isBytes
FNDA:2,ReadCbor.isBytes
DA:406,2
DA:415,3
FN:415,ReadCbor.Bytes
FNDA:3,ReadCbor.Bytes
DA:416,3
DA:417,3
DA:419,3
DA:421,3
DA:422,3
DA:423,3
DA:424,3
DA:436,3
FN:436,ReadCbor.Bytes32
FNDA:3,ReadCbor.Bytes32
DA:437,3
DA:438,2
DA:439,2
BRDA:439,25,0,1
BRDA:439,25,1,1
DA:442,1
DA:443,1
DA:444,1
DA:448,2
FN:448,ReadCbor.Bytes32
FNDA:2,ReadCbor.Bytes32
DA:449,2
DA:456,2
FN:456,ReadCbor.skipBytes
FNDA:2,ReadCbor.skipBytes
DA:457,2
DA:458,2
DA:459,1
DA:466,15
FN:466,ReadCbor.isTag
FNDA:15,ReadCbor.isTag
DA:468,15
DA:477,770
FN:477,ReadCbor.isTag
FNDA:770,ReadCbor.isTag
DA:478,770
DA:480,770
DA:482,770
BRDA:482,26,0,-
DA:483,770
DA:484,770
DA:485,770
BRDA:485,27,0,-
DA:487,768
DA:488,768
DA:489,512
DA:490,256
DA:491,0
DA:494,770
DA:504,7
FN:504,ReadCbor.Tag
FNDA:7,ReadCbor.Tag
DA:505,7
DA:514,530
FN:514,ReadCbor.Tag
FNDA:530,ReadCbor.Tag
DA:515,530
DA:516,530
BRDA:516,28,0,1
BRDA:516,28,1,529
DA:517,529
DA:524,2
FN:524,ReadCbor.isUInt
FNDA:2,ReadCbor.isUInt
DA:526,2
DA:535,1
FN:535,ReadCbor.UInt
FNDA:1,ReadCbor.UInt
DA:536,1
DA:544,24
FN:544,ReadCbor.UInt8
FNDA:24,ReadCbor.UInt8
DA:545,24
DA:553,2
FN:553,ReadCbor.UInt16
FNDA:2,ReadCbor.UInt16
DA:554,2
DA:555,2
DA:556,1
DA:564,1
FN:564,ReadCbor.UInt32
FNDA:1,ReadCbor.UInt32
DA:565,1
DA:566,1
DA:567,1
DA:575,1
FN:575,ReadCbor.UInt64
FNDA:1,ReadCbor.UInt64
DA:576,1
DA:583,2
FN:583,ReadCbor.isNInt
FNDA:2,ReadCbor.isNInt
DA:585,2
DA:594,1
FN:594,ReadCbor.NInt
FNDA:1,ReadCbor.NInt
DA:595,1
DA:596,1
DA:597,1
DA:605,7
FN:605,ReadCbor.NInt8
FNDA:7,ReadCbor.NInt8
DA:606,7
DA:607,7
DA:608,5
DA:616,3
FN:616,ReadCbor.NInt16
FNDA:3,ReadCbor.NInt16
DA:617,3
DA:618,3
DA:619,1
DA:627,1
FN:627,ReadCbor.NInt32
FNDA:1,ReadCbor.NInt32
DA:628,1
DA:629,1
DA:630,1
DA:638,1
FN:638,ReadCbor.NInt64
FNDA:1,ReadCbor.NInt64
DA:639,1
DA:640,1
DA:641,1
DA:648,3
FN:648,ReadCbor.isInt
FNDA:3,ReadCbor.isInt
DA:650,3
DA:651,3
DA:660,16
FN:660,ReadCbor.Int
FNDA:16,ReadCbor.Int
DA:661,16
DA:662,16
DA:663,16
DA:664,16
BRDA:664,29,0,8
BRDA:664,29,1,1
DA:665,8
DA:666,8
BRDA:666,30,0,7
BRDA:666,30,1,1
DA:667,7
DA:669,1
FNF:49
FNH:49
LF:229
LH:228
BRF:57
BRH:55
end_of_record
TN:
SF:src/tags/ReadBignum.sol
DA:12,263
FN:12,ReadBignum.UInt256
FNDA:263,ReadBignum.UInt256
DA:13,263
DA:14,263
DA:15,263
DA:16,263
BRDA:16,0,0,1
BRDA:16,0,1,262
DA:19,262
DA:26,262
DA:30,265
FN:30,ReadBignum.NInt256
FNDA:265,ReadBignum.NInt256
DA:31,265
DA:32,265
DA:33,265
DA:34,265
BRDA:34,1,0,1
BRDA:34,1,1,264
DA:36,264
DA:38,264
DA:45,264
DA:48,264
BRDA:48,2,0,2
BRDA:48,2,1,262
DA:49,262
DA:52,5
FN:52,ReadBignum.Int256
FNDA:5,ReadBignum.Int256
DA:53,5
DA:54,5
BRDA:54,3,0,2
BRDA:54,3,1,1
DA:55,2
DA:56,2
DA:57,2
BRDA:57,4,0,1
BRDA:57,4,1,1
DA:58,1
DA:59,3
BRDA:59,5,0,2
BRDA:59,5,1,1
DA:60,2
DA:62,1
DA:66,13
FN:66,ReadBignum.Integer
FNDA:13,ReadBignum.Integer
DA:67,13
FNF:4
FNH:4
LF:29
LH:29
BRF:12
BRH:12
end_of_record
TN:
SF:src/tags/ReadCidSha256.sol
DA:66,512
FN:66,ReadCidSha256.Cid
FNDA:512,ReadCidSha256.Cid
DA:67,512
DA:70,513
FN:70,ReadCidSha256.Cid
FNDA:513,ReadCidSha256.Cid
DA:71,513
DA:72,513
DA:75,513
DA:81,513
DA:82,513
DA:83,513
DA:86,513
BRDA:86,0,0,1
BRDA:86,0,1,512
DA:87,512
BRDA:87,1,0,2
BRDA:87,1,1,510
DA:97,258
FN:97,ReadCidSha256.NullableCid
FNDA:258,ReadCidSha256.NullableCid
DA:98,258
FNF:3
FNH:3
LF:13
LH:13
BRF:4
BRH:4
end_of_record
