TN:
SF:src/ReadCbor.sol
DA:33,818
FN:33,ReadCbor.parseArg
FNDA:818,ReadCbor.parseArg
DA:38,818
BRDA:38,0,0,541
BRDA:38,0,1,256
DA:39,541
DA:40,277
BRDA:40,1,0,3
BRDA:40,1,1,256
DA:41,3
DA:42,3
BRDA:42,2,0,1
BRDA:42,2,1,2
DA:46,274
BRDA:46,3,0,7
BRDA:46,3,1,256
DA:47,7
DA:48,267
BRDA:48,4,0,4
BRDA:48,4,1,256
DA:49,4
DA:50,263
BRDA:50,5,0,7
BRDA:50,5,1,256
DA:51,7
DA:53,256
DA:57,827
FN:57,ReadCbor.u8
FNDA:827,ReadCbor.u8
DA:63,827
DA:64,827
DA:68,7
FN:68,ReadCbor.u16
FNDA:7,ReadCbor.u16
DA:74,7
DA:75,7
DA:79,4
FN:79,ReadCbor.u32
FNDA:4,ReadCbor.u32
DA:85,4
DA:86,4
DA:90,7
FN:90,ReadCbor.u64
FNDA:7,ReadCbor.u64
DA:96,7
DA:97,7
DA:107,274
FN:107,ReadCbor.header
FNDA:274,ReadCbor.header
DA:111,274
DA:112,274
DA:113,274
DA:114,274
DA:115,274
DA:125,540
FN:125,ReadCbor.header
FNDA:540,ReadCbor.header
DA:130,540
DA:131,540
DA:132,540
BRDA:132,6,0,2
BRDA:132,6,1,538
DA:133,538
DA:144,10
FN:144,ReadCbor.header
FNDA:10,ReadCbor.header
DA:150,10
DA:151,10
DA:152,10
DA:153,10
BRDA:153,7,0,2
BRDA:153,7,1,8
DA:154,8
DA:155,8
BRDA:155,8,0,2
BRDA:155,8,1,6
DA:156,6
DA:166,575
FN:166,ReadCbor.header8
FNDA:575,ReadCbor.header8
DA:171,575
DA:174,575
DA:175,575
DA:176,575
DA:177,575
DA:180,575
BRDA:180,9,0,1
BRDA:180,9,1,574
DA:182,574
BRDA:182,10,0,531
DA:183,531
BRDA:183,11,0,2
BRDA:183,11,1,529
DA:185,529
DA:186,529
DA:188,529
BRDA:188,12,0,2
BRDA:188,12,1,527
DA:191,570
DA:201,40
FN:201,ReadCbor.header32
FNDA:40,ReadCbor.header32
DA:206,40
DA:209,40
DA:210,40
DA:211,40
DA:212,40
DA:215,40
BRDA:215,13,0,2
BRDA:215,13,1,38
DA:217,38
BRDA:217,14,0,2
BRDA:217,14,1,1
DA:219,2
DA:220,2
DA:222,2
BRDA:222,15,0,1
BRDA:222,15,1,1
DA:223,36
BRDA:223,16,0,3
DA:224,3
BRDA:224,17,0,1
BRDA:224,17,1,2
DA:225,2
BRDA:225,18,0,1
BRDA:225,18,1,1
DA:227,1
DA:228,1
DA:230,1
BRDA:230,19,0,1
DA:232,1
DA:233,1
DA:238,36
DA:245,262
FN:245,ReadCbor.isNull
FNDA:262,ReadCbor.isNull
DA:250,262
DA:262,2
FN:262,ReadCbor.Null
FNDA:2,ReadCbor.Null
DA:263,2
BRDA:263,20,0,1
BRDA:263,20,1,1
DA:264,1
DA:271,4
FN:271,ReadCbor.isUndefined
FNDA:4,ReadCbor.isUndefined
DA:276,4
DA:288,2
FN:288,ReadCbor.Undefined
FNDA:2,ReadCbor.Undefined
DA:292,2
BRDA:292,21,0,1
BRDA:292,21,1,1
DA:293,1
DA:300,3
FN:300,ReadCbor.isBool
FNDA:3,ReadCbor.isBool
DA:305,3
DA:306,3
DA:319,3
FN:319,ReadCbor.Bool
FNDA:3,ReadCbor.Bool
DA:323,3
DA:325,3
DA:326,3
DA:327,3
DA:328,3
DA:330,3
BRDA:330,22,0,1
BRDA:330,22,1,2
DA:337,2
FN:337,ReadCbor.isArray
FNDA:2,ReadCbor.isArray
DA:342,2
DA:351,13
FN:351,ReadCbor.Array
FNDA:13,ReadCbor.Array
DA:357,13
DA:364,2
FN:364,ReadCbor.isMap
FNDA:2,ReadCbor.isMap
DA:369,2
DA:378,9
FN:378,ReadCbor.Map
FNDA:9,ReadCbor.Map
DA:385,9
DA:392,2
FN:392,ReadCbor.isString
FNDA:2,ReadCbor.isString
DA:397,2
DA:406,7
FN:406,ReadCbor.String
FNDA:7,ReadCbor.String
DA:410,7
DA:411,7
DA:413,7
DA:415,7
DA:416,7
DA:417,7
DA:418,7
DA:430,14
FN:430,ReadCbor.String32
FNDA:14,ReadCbor.String32
DA:435,14
DA:436,13
DA:437,13
BRDA:437,23,0,1
BRDA:437,23,1,12
DA:440,12
DA:441,12
DA:442,12
DA:446,2
FN:446,ReadCbor.String32
FNDA:2,ReadCbor.String32
DA:450,2
DA:459,2
FN:459,ReadCbor.String1
FNDA:2,ReadCbor.String1
DA:463,2
DA:465,2
DA:466,2
DA:467,2
DA:468,2
DA:470,2
BRDA:470,24,0,1
BRDA:470,24,1,1
DA:477,2
FN:477,ReadCbor.skipString
FNDA:2,ReadCbor.skipString
DA:481,2
DA:482,2
DA:483,1
DA:490,2
FN:490,ReadCbor.isBytes
FNDA:2,ReadCbor.isBytes
DA:495,2
DA:504,3
FN:504,ReadCbor.Bytes
FNDA:3,ReadCbor.Bytes
DA:508,3
DA:509,3
DA:511,3
DA:513,3
DA:514,3
DA:515,3
DA:516,3
DA:528,3
FN:528,ReadCbor.Bytes32
FNDA:3,ReadCbor.Bytes32
DA:533,3
DA:534,2
DA:535,2
BRDA:535,25,0,1
BRDA:535,25,1,1
DA:538,1
DA:539,1
DA:540,1
DA:544,2
FN:544,ReadCbor.Bytes32
FNDA:2,ReadCbor.Bytes32
DA:548,2
DA:555,2
FN:555,ReadCbor.skipBytes
FNDA:2,ReadCbor.skipBytes
DA:559,2
DA:560,2
DA:561,1
DA:568,15
FN:568,ReadCbor.isTag
FNDA:15,ReadCbor.isTag
DA:573,15
DA:582,770
FN:582,ReadCbor.isTag
FNDA:770,ReadCbor.isTag
DA:587,770
DA:589,770
DA:591,770
BRDA:591,26,0,-
DA:592,770
DA:593,770
DA:594,770
BRDA:594,27,0,-
DA:596,768
DA:597,0
DA:599,768
DA:600,256
DA:602,512
DA:603,256
DA:605,256
DA:606,256
DA:608,0
DA:609,0
DA:613,770
DA:623,7
FN:623,ReadCbor.Tag
FNDA:7,ReadCbor.Tag
DA:627,7
DA:636,530
FN:636,ReadCbor.Tag
FNDA:530,ReadCbor.Tag
DA:641,530
DA:642,530
BRDA:642,28,0,1
BRDA:642,28,1,529
DA:643,529
DA:650,2
FN:650,ReadCbor.isUInt
FNDA:2,ReadCbor.isUInt
DA:655,2
DA:667,1
FN:667,ReadCbor.UInt
FNDA:1,ReadCbor.UInt
DA:671,1
DA:679,24
FN:679,ReadCbor.UInt8
FNDA:24,ReadCbor.UInt8
DA:683,24
DA:691,2
FN:691,ReadCbor.UInt16
FNDA:2,ReadCbor.UInt16
DA:695,2
DA:696,2
DA:697,1
DA:705,1
FN:705,ReadCbor.UInt32
FNDA:1,ReadCbor.UInt32
DA:709,1
DA:710,1
DA:711,1
DA:719,1
FN:719,ReadCbor.UInt64
FNDA:1,ReadCbor.UInt64
DA:723,1
DA:730,2
FN:730,ReadCbor.isNInt
FNDA:2,ReadCbor.isNInt
DA:735,2
DA:747,1
FN:747,ReadCbor.NInt
FNDA:1,ReadCbor.NInt
DA:751,1
DA:752,1
DA:753,1
DA:761,7
FN:761,ReadCbor.NInt8
FNDA:7,ReadCbor.NInt8
DA:765,7
DA:766,7
DA:767,5
DA:775,3
FN:775,ReadCbor.NInt16
FNDA:3,ReadCbor.NInt16
DA:779,3
DA:780,3
DA:781,1
DA:789,1
FN:789,ReadCbor.NInt32
FNDA:1,ReadCbor.NInt32
DA:793,1
DA:794,1
DA:795,1
DA:803,1
FN:803,ReadCbor.NInt64
FNDA:1,ReadCbor.NInt64
DA:807,1
DA:808,1
DA:809,1
DA:816,3
FN:816,ReadCbor.isInt
FNDA:3,ReadCbor.isInt
DA:821,3
DA:822,3
DA:831,16
FN:831,ReadCbor.Int
FNDA:16,ReadCbor.Int
DA:835,16
DA:836,16
DA:837,16
DA:838,16
BRDA:838,29,0,8
BRDA:838,29,1,1
DA:839,8
DA:840,8
BRDA:840,30,0,7
BRDA:840,30,1,1
DA:841,7
DA:843,1
FNF:49
FNH:49
LF:234
LH:231
BRF:57
BRH:55
end_of_record
TN:
SF:src/tags/ReadBignum.sol
DA:12,263
FN:12,ReadBignum.UInt256
FNDA:263,ReadBignum.UInt256
DA:16,263
DA:17,263
DA:18,263
DA:19,263
BRDA:19,0,0,1
BRDA:19,0,1,262
DA:22,262
DA:28,262
DA:32,265
FN:32,ReadBignum.NInt256
FNDA:265,ReadBignum.NInt256
DA:36,265
DA:37,265
DA:38,265
DA:39,265
BRDA:39,1,0,1
BRDA:39,1,1,264
DA:41,264
DA:43,264
DA:49,264
DA:52,264
BRDA:52,2,0,2
BRDA:52,2,1,262
DA:53,262
DA:56,5
FN:56,ReadBignum.Int256
FNDA:5,ReadBignum.Int256
DA:60,5
DA:61,5
BRDA:61,3,0,2
BRDA:61,3,1,1
DA:62,2
DA:63,2
DA:64,2
BRDA:64,4,0,1
BRDA:64,4,1,1
DA:65,1
DA:66,3
BRDA:66,5,0,2
BRDA:66,5,1,1
DA:67,2
DA:69,1
DA:73,13
FN:73,ReadBignum.Integer
FNDA:13,ReadBignum.Integer
DA:77,13
FNF:4
FNH:4
LF:29
LH:29
BRF:12
BRH:12
end_of_record
TN:
SF:src/tags/ReadCidSha256.sol
DA:67,512
FN:67,ReadCidSha256.Cid
FNDA:512,ReadCidSha256.Cid
DA:71,512
DA:74,513
FN:74,ReadCidSha256.Cid
FNDA:513,ReadCidSha256.Cid
DA:79,513
DA:80,513
DA:83,513
DA:88,513
DA:89,513
DA:90,513
DA:93,513
BRDA:93,0,0,1
BRDA:93,0,1,512
DA:94,512
BRDA:94,1,0,2
BRDA:94,1,1,510
DA:104,258
FN:104,ReadCidSha256.NullableCid
FNDA:258,ReadCidSha256.NullableCid
DA:108,258
DA:109,258
FNF:3
FNH:3
LF:14
LH:14
BRF:4
BRH:4
end_of_record
